org.eclipse.m2e.logback.configuration: The org.eclipse.m2e.logback.configuration bundle was activated before the state location was initialized.  Will retry after the state location is initialized.
org.eclipse.m2e.logback.configuration: Logback config file: /home/a_michau/eclipse-workspace/.metadata/.plugins/org.eclipse.m2e.logback.configuration/logback.1.8.0.20170516-2043.xml
SLF4J: Class path contains multiple SLF4J bindings.
SLF4J: Found binding in [bundleresource://479.fwk1103666479:1/org/slf4j/impl/StaticLoggerBinder.class]
SLF4J: Found binding in [bundleresource://479.fwk1103666479:2/org/slf4j/impl/StaticLoggerBinder.class]
SLF4J: See http://www.slf4j.org/codes.html#multiple_bindings for an explanation.
SLF4J: Actual binding is of type [ch.qos.logback.classic.util.ContextSelectorStaticBinder]
org.eclipse.m2e.logback.configuration: Initializing logback
*** BUG ***
In pixman_region32_init_rect: Invalid rectangle passed
Set a breakpoint on '_pixman_log_error' to debug

*** BUG ***
In pixman_region32_init_rect: Invalid rectangle passed
Set a breakpoint on '_pixman_log_error' to debug

*** BUG ***
In pixman_region32_init_rect: Invalid rectangle passed
Set a breakpoint on '_pixman_log_error' to debug

*** BUG ***
In pixman_region32_init_rect: Invalid rectangle passed
Set a breakpoint on '_pixman_log_error' to debug

*** BUG ***
In pixman_region32_init_rect: Invalid rectangle passed
Set a breakpoint on '_pixman_log_error' to debug

*** BUG ***
In pixman_region32_init_rect: Invalid rectangle passed
Set a breakpoint on '_pixman_log_error' to debug

*** BUG ***
In pixman_region32_init_rect: Invalid rectangle passed
Set a breakpoint on '_pixman_log_error' to debug

[Parent 3661, Gecko_IOThread] WARNING: pipe error (90): Connexion ré-initialisée par le correspondant: file /build/firefox-neHfvt/firefox-66.0.5+build1/ipc/chromium/src/chrome/common/ipc_channel_posix.cc, line 357
[Parent 3661, Gecko_IOThread] WARNING: pipe error (58): Connexion ré-initialisée par le correspondant: file /build/firefox-neHfvt/firefox-66.0.5+build1/ipc/chromium/src/chrome/common/ipc_channel_posix.cc, line 357
[Parent 3661, Gecko_IOThread] WARNING: pipe error (38): Connexion ré-initialisée par le correspondant: file /build/firefox-neHfvt/firefox-66.0.5+build1/ipc/chromium/src/chrome/common/ipc_channel_posix.cc, line 357
[Parent 3661, Gecko_IOThread] WARNING: pipe error (120): Connexion ré-initialisée par le correspondant: file /build/firefox-neHfvt/firefox-66.0.5+build1/ipc/chromium/src/chrome/common/ipc_channel_posix.cc, line 357
[Parent 3661, Gecko_IOThread] WARNING: pipe error (170): Connexion ré-initialisée par le correspondant: file /build/firefox-neHfvt/firefox-66.0.5+build1/ipc/chromium/src/chrome/common/ipc_channel_posix.cc, line 357
